Using pre-set license
Built from '2020.3/staging' branch; Version is '2020.3.30f1 (1fb1bf06830e) revision 2077119'; Using compiler version '192528614'; Build Type 'Release'
OS: 'Windows 10  (10.0.18363) 64bit Professional' Language: 'de' Physical Memory: 32699 MB
BatchMode: 1, IsHumanControllingUs: 0, StartBugReporterOnCrash: 0, Is64bit: 1, IsPro: 0

COMMAND LINE ARGUMENTS:
C:\Program Files\Unity\Hub\Editor\2020.3.30f1\Editor\Unity.exe
-adb2
-batchMode
-noUpm
-name
AssetImportWorker0
-projectPath
K:/GameJam2/The Love of the Baron
-logFile
Logs/AssetImportWorker0.log
-srvPort
62290
Successfully changed project path to: K:/GameJam2/The Love of the Baron
K:/GameJam2/The Love of the Baron
Using Asset Import Pipeline V2.
Refreshing native plugins compatible for Editor in 53.98 ms, found 5 plugins.
Preloading 0 native plugins for Editor in 0.00 ms.
Initialize engine version: 2020.3.30f1 (1fb1bf06830e)
[Subsystems] Discovering subsystems at path C:/Program Files/Unity/Hub/Editor/2020.3.30f1/Editor/Data/Resources/UnitySubsystems
[Subsystems] Discovering subsystems at path K:/GameJam2/The Love of the Baron/Assets
GfxDevice: creating device client; threaded=0
Direct3D:
    Version:  Direct3D 11.0 [level 11.1]
    Renderer: AMD Radeon RX 5700 (ID=0x731f)
    Vendor:   
    VRAM:     8151 MB
    Driver:   27.20.22017.1004
Initialize mono
Mono path[0] = 'C:/Program Files/Unity/Hub/Editor/2020.3.30f1/Editor/Data/Managed'
Mono path[1] = 'C:/Program Files/Unity/Hub/Editor/2020.3.30f1/Editor/Data/MonoBleedingEdge/lib/mono/unityjit'
Mono config path = 'C:/Program Files/Unity/Hub/Editor/2020.3.30f1/Editor/Data/MonoBleedingEdge/etc'
Using monoOptions --debugger-agent=transport=dt_socket,embedding=1,server=y,suspend=n,address=127.0.0.1:56684
Begin MonoManager ReloadAssembly
Registering precompiled unity dll's ...
Register platform support module: C:/Program Files/Unity/Hub/Editor/2020.3.30f1/Editor/Data/PlaybackEngines/WindowsStandaloneSupport/UnityEditor.WindowsStandalone.Extensions.dll
Registered in 0.001706 seconds.
Native extension for WindowsStandalone target not found
Refreshing native plugins compatible for Editor in 47.18 ms, found 5 plugins.
Preloading 0 native plugins for Editor in 0.00 ms.
Mono: successfully reloaded assembly
- Completed reload, in  0.518 seconds
Domain Reload Profiling:
	ReloadAssembly (519ms)
		BeginReloadAssembly (55ms)
			ExecutionOrderSort (0ms)
			DisableScriptedObjects (0ms)
			BackupInstance (0ms)
			ReleaseScriptingObjects (0ms)
			CreateAndSetChildDomain (1ms)
		EndReloadAssembly (400ms)
			LoadAssemblies (53ms)
			RebuildTransferFunctionScriptingTraits (0ms)
			SetupTypeCache (126ms)
			ReleaseScriptCaches (0ms)
			RebuildScriptCaches (25ms)
			SetupLoadedEditorAssemblies (160ms)
				LogAssemblyErrors (0ms)
				InitializePlatformSupportModulesInManaged (4ms)
				SetLoadedEditorAssemblies (0ms)
				RefreshPlugins (47ms)
				BeforeProcessingInitializeOnLoad (14ms)
				ProcessInitializeOnLoadAttributes (67ms)
				ProcessInitializeOnLoadMethodAttributes (27ms)
				AfterProcessingInitializeOnLoad (0ms)
				EditorAssembliesLoaded (0ms)
			ExecutionOrderSort2 (0ms)
			AwakeInstancesAfterBackupRestoration (0ms)
Platform modules already initialized, skipping
Registering precompiled user dll's ...
Registered in 0.003925 seconds.
Begin MonoManager ReloadAssembly
Native extension for WindowsStandalone target not found
Refreshing native plugins compatible for Editor in 47.95 ms, found 5 plugins.
Preloading 0 native plugins for Editor in 0.00 ms.
Mono: successfully reloaded assembly
- Completed reload, in  0.968 seconds
Domain Reload Profiling:
	ReloadAssembly (968ms)
		BeginReloadAssembly (132ms)
			ExecutionOrderSort (0ms)
			DisableScriptedObjects (4ms)
			BackupInstance (0ms)
			ReleaseScriptingObjects (0ms)
			CreateAndSetChildDomain (18ms)
		EndReloadAssembly (781ms)
			LoadAssemblies (83ms)
			RebuildTransferFunctionScriptingTraits (0ms)
			SetupTypeCache (260ms)
			ReleaseScriptCaches (0ms)
			RebuildScriptCaches (42ms)
			SetupLoadedEditorAssemblies (301ms)
				LogAssemblyErrors (0ms)
				InitializePlatformSupportModulesInManaged (3ms)
				SetLoadedEditorAssemblies (0ms)
				RefreshPlugins (48ms)
				BeforeProcessingInitializeOnLoad (68ms)
				ProcessInitializeOnLoadAttributes (162ms)
				ProcessInitializeOnLoadMethodAttributes (14ms)
				AfterProcessingInitializeOnLoad (6ms)
				EditorAssembliesLoaded (0ms)
			ExecutionOrderSort2 (0ms)
			AwakeInstancesAfterBackupRestoration (6ms)
Platform modules already initialized, skipping
========================================================================
Worker process is ready to serve import requests
Launched and connected shader compiler UnityShaderCompiler.exe after 0.05 seconds
Refreshing native plugins compatible for Editor in 0.90 ms, found 5 plugins.
Preloading 0 native plugins for Editor in 0.00 ms.
Unloading 2370 Unused Serialized files (Serialized files now loaded: 0)
System memory in use before: 104.3 MB.
System memory in use after: 104.3 MB.

Unloading 86 unused Assets to reduce memory usage. Loaded Objects now: 2748.
Total: 2.980000 ms (FindLiveObjects: 0.207500 ms CreateObjectMapping: 0.055000 ms MarkObjects: 2.575300 ms  DeleteObjects: 0.141300 ms)

AssetImportParameters requested are different than current active one (requested -> active):
  custom:framework-win-MediaFoundation: 216162199b28c13a410421893ffa2e32 -> 
  custom:video-decoder-ogg-theora: a1e56fd34408186e4bbccfd4996cb3dc -> 
  custom:container-muxer-webm: aa71ff27fc2769a1b78a27578f13a17b -> 
  custom:container-demuxer-webm: 4f35f7cbe854078d1ac9338744f61a02 -> 
  custom:container-demuxer-ogg: 62fdf1f143b41e24485cea50d1cbac27 -> 
  custom:video-encoder-webm-vp8: eb34c28f22e8b96e1ab97ce403110664 -> 
  custom:video-decoder-webm-vp8: 9c59270c3fd7afecdb556c50c9e8de78 -> 
  custom:audio-decoder-ogg-vorbis: bf7c407c2cedff20999df2af8eb42d56 -> 
  custom:audio-encoder-webm-vorbis: bf7c407c2cedff20999df2af8eb42d56 -> 
========================================================================
Received Import Request.
  path: Assets/Plugins/FMOD
  artifactKey: Guid(06ae579381df01a4a87bb149dec89954) Importer(815301076,1909f56bfc062723c751e8b465ee728b)
Start importing Assets/Plugins/FMOD using Guid(06ae579381df01a4a87bb149dec89954) Importer(815301076,1909f56bfc062723c751e8b465ee728b)  -> (artifact id: '69e87d4caf621e2f6a0b8cfd6c5c9966') in 0.004302 seconds 
========================================================================
Received Import Request.
  Time since last request: 0.000210 seconds.
  path: Assets/Plugins
  artifactKey: Guid(9a92017059267bf4dad529bd5ef60b9c) Importer(815301076,1909f56bfc062723c751e8b465ee728b)
Start importing Assets/Plugins using Guid(9a92017059267bf4dad529bd5ef60b9c) Importer(815301076,1909f56bfc062723c751e8b465ee728b)  -> (artifact id: '4c2119a3c617e833c2111e20b2d33b77') in 0.001120 seconds 
========================================================================
Received Import Request.
  Time since last request: 0.000126 seconds.
  path: Assets/Plugins/FMOD/FMODUnity.asmdef
  artifactKey: Guid(0c752da273b17c547ae705acf0f2adf2) Importer(815301076,1909f56bfc062723c751e8b465ee728b)
Start importing Assets/Plugins/FMOD/FMODUnity.asmdef using Guid(0c752da273b17c547ae705acf0f2adf2) Importer(815301076,1909f56bfc062723c751e8b465ee728b)  -> (artifact id: 'd68220e79bb70b810607b171c8a0243b') in 0.023291 seconds 
========================================================================
Received Import Request.
  Time since last request: 72.932359 seconds.
  path: Assets/Plugins/FMOD/Resources/FMODStudioSettings.asset
  artifactKey: Guid(711499a427fafb049a7a4d476460657d) Importer(815301076,1909f56bfc062723c751e8b465ee728b)
Start importing Assets/Plugins/FMOD/Resources/FMODStudioSettings.asset using Guid(711499a427fafb049a7a4d476460657d) Importer(815301076,1909f56bfc062723c751e8b465ee728b)  -> (artifact id: 'fe13fa3f08a8803645463f0fcd2aab37') in 0.041712 seconds 
========================================================================
Received Import Request.
  Time since last request: 12.809444 seconds.
  path: Assets/Plugins/FMOD/Resources
  artifactKey: Guid(c1eb99e1566d6ee46a3899c0214da217) Importer(815301076,1909f56bfc062723c751e8b465ee728b)
Start importing Assets/Plugins/FMOD/Resources using Guid(c1eb99e1566d6ee46a3899c0214da217) Importer(815301076,1909f56bfc062723c751e8b465ee728b)  -> (artifact id: 'f9ad7292d2fb4a3bfa2dcc8c1720daf1') in 0.001210 seconds 
========================================================================
Received Import Request.
  Time since last request: 205.352533 seconds.
  path: Assets/Plugins/FMOD/Resources/LoveOfTheBaronAudioProjekt
  artifactKey: Guid(fb7d7b440df99f6409d2d0606885d2ba) Importer(815301076,1909f56bfc062723c751e8b465ee728b)
Start importing Assets/Plugins/FMOD/Resources/LoveOfTheBaronAudioProjekt using Guid(fb7d7b440df99f6409d2d0606885d2ba) Importer(815301076,1909f56bfc062723c751e8b465ee728b)  -> (artifact id: '654c605253d95fcfc29a7f97ac89c67b') in 0.001422 seconds 
========================================================================
Received Import Request.
  Time since last request: 0.974180 seconds.
  path: Assets/Plugins/FMOD/Resources/LoveOfTheBaronAudioProjekt/Metadata
  artifactKey: Guid(71ad4885ab5377246ac6949c034f83c3) Importer(815301076,1909f56bfc062723c751e8b465ee728b)
Start importing Assets/Plugins/FMOD/Resources/LoveOfTheBaronAudioProjekt/Metadata using Guid(71ad4885ab5377246ac6949c034f83c3) Importer(815301076,1909f56bfc062723c751e8b465ee728b)  -> (artifact id: 'ea60f809cfde1cc97da97316a16e62b2') in 0.001326 seconds 
========================================================================
Received Import Request.
  Time since last request: 59.630253 seconds.
  path: Assets/Plugins/FMOD/Resources/LoveOfTheBaronAudioProjekt/Build
  artifactKey: Guid(602363e2f2b7b5d498f9bec174dec5db) Importer(815301076,1909f56bfc062723c751e8b465ee728b)
Start importing Assets/Plugins/FMOD/Resources/LoveOfTheBaronAudioProjekt/Build using Guid(602363e2f2b7b5d498f9bec174dec5db) Importer(815301076,1909f56bfc062723c751e8b465ee728b)  -> (artifact id: '6d0ba8070f12dd74baef8c2721d8e397') in 0.001508 seconds 
========================================================================
Received Import Request.
  Time since last request: 0.844611 seconds.
  path: Assets/Plugins/FMOD/Resources/LoveOfTheBaronAudioProjekt/Build/Desktop
  artifactKey: Guid(97c81a73610f826469fc9f9a2d17b834) Importer(815301076,1909f56bfc062723c751e8b465ee728b)
Start importing Assets/Plugins/FMOD/Resources/LoveOfTheBaronAudioProjekt/Build/Desktop using Guid(97c81a73610f826469fc9f9a2d17b834) Importer(815301076,1909f56bfc062723c751e8b465ee728b)  -> (artifact id: '3b26824956fed62119c6d0c9aaa204a4') in 0.001520 seconds 
========================================================================
Received Import Request.
  Time since last request: 9.076123 seconds.
  path: Assets/Plugins/FMOD/Resources/LoveOfTheBaronAudioProjekt/Metadata/Asset
  artifactKey: Guid(63293de461fccb04a81f02477c42ad98) Importer(815301076,1909f56bfc062723c751e8b465ee728b)
Start importing Assets/Plugins/FMOD/Resources/LoveOfTheBaronAudioProjekt/Metadata/Asset using Guid(63293de461fccb04a81f02477c42ad98) Importer(815301076,1909f56bfc062723c751e8b465ee728b)  -> (artifact id: '8f7ed1cffa3e377a8d89e7ce1c48836f') in 0.001344 seconds 
AssetImportWorkerClient::OnTransportError - code=2 error=End of file
