Using pre-set license
Built from '2020.3/staging' branch; Version is '2020.3.30f1 (1fb1bf06830e) revision 2077119'; Using compiler version '192528614'; Build Type 'Release'
OS: 'Windows 10  (10.0.19043) 64bit Education' Language: 'de' Physical Memory: 32697 MB
BatchMode: 1, IsHumanControllingUs: 0, StartBugReporterOnCrash: 0, Is64bit: 1, IsPro: 0

COMMAND LINE ARGUMENTS:
W:\Uni\Unity Installs\2020.3.30f1\Editor\Unity.exe
-adb2
-batchMode
-noUpm
-name
AssetImportWorker0
-projectPath
W:/Uni/GameJam_02_2022/Unity Projekt/Daily-Struggle/The Love of the Baron
-logFile
Logs/AssetImportWorker0.log
-srvPort
59544
Successfully changed project path to: W:/Uni/GameJam_02_2022/Unity Projekt/Daily-Struggle/The Love of the Baron
W:/Uni/GameJam_02_2022/Unity Projekt/Daily-Struggle/The Love of the Baron
Using Asset Import Pipeline V2.
Refreshing native plugins compatible for Editor in 61.10 ms, found 5 plugins.
Preloading 0 native plugins for Editor in 0.00 ms.
Initialize engine version: 2020.3.30f1 (1fb1bf06830e)
[Subsystems] Discovering subsystems at path W:/Uni/Unity Installs/2020.3.30f1/Editor/Data/Resources/UnitySubsystems
[Subsystems] Discovering subsystems at path W:/Uni/GameJam_02_2022/Unity Projekt/Daily-Struggle/The Love of the Baron/Assets
GfxDevice: creating device client; threaded=0
Direct3D:
    Version:  Direct3D 11.0 [level 11.1]
    Renderer: NVIDIA GeForce RTX 2070 SUPER (ID=0x1e84)
    Vendor:   
    VRAM:     8011 MB
    Driver:   30.0.15.1179
Initialize mono
Mono path[0] = 'W:/Uni/Unity Installs/2020.3.30f1/Editor/Data/Managed'
Mono path[1] = 'W:/Uni/Unity Installs/2020.3.30f1/Editor/Data/MonoBleedingEdge/lib/mono/unityjit'
Mono config path = 'W:/Uni/Unity Installs/2020.3.30f1/Editor/Data/MonoBleedingEdge/etc'
Using monoOptions --debugger-agent=transport=dt_socket,embedding=1,server=y,suspend=n,address=127.0.0.1:56540
Begin MonoManager ReloadAssembly
Registering precompiled unity dll's ...
Register platform support module: W:/Uni/Unity Installs/2020.3.30f1/Editor/Data/PlaybackEngines/WindowsStandaloneSupport/UnityEditor.WindowsStandalone.Extensions.dll
Registered in 0.001122 seconds.
Native extension for WindowsStandalone target not found
Refreshing native plugins compatible for Editor in 51.96 ms, found 5 plugins.
Preloading 0 native plugins for Editor in 0.00 ms.
Mono: successfully reloaded assembly
- Completed reload, in  0.520 seconds
Domain Reload Profiling:
	ReloadAssembly (520ms)
		BeginReloadAssembly (64ms)
			ExecutionOrderSort (0ms)
			DisableScriptedObjects (0ms)
			BackupInstance (0ms)
			ReleaseScriptingObjects (0ms)
			CreateAndSetChildDomain (1ms)
		EndReloadAssembly (398ms)
			LoadAssemblies (63ms)
			RebuildTransferFunctionScriptingTraits (0ms)
			SetupTypeCache (125ms)
			ReleaseScriptCaches (0ms)
			RebuildScriptCaches (26ms)
			SetupLoadedEditorAssemblies (161ms)
				LogAssemblyErrors (0ms)
				InitializePlatformSupportModulesInManaged (4ms)
				SetLoadedEditorAssemblies (0ms)
				RefreshPlugins (52ms)
				BeforeProcessingInitializeOnLoad (12ms)
				ProcessInitializeOnLoadAttributes (68ms)
				ProcessInitializeOnLoadMethodAttributes (24ms)
				AfterProcessingInitializeOnLoad (0ms)
				EditorAssembliesLoaded (0ms)
			ExecutionOrderSort2 (0ms)
			AwakeInstancesAfterBackupRestoration (0ms)
Platform modules already initialized, skipping
Registering precompiled user dll's ...
Registered in 0.004892 seconds.
Begin MonoManager ReloadAssembly
Symbol file data-00000157F2107020 doesn't match image W:\Uni\GameJam_02_2022\Unity Projekt\Daily-Struggle\The Love of the Baron\Library\ScriptAssemblies\Unity.2D.Animation.Editor.dll
Symbol file LoadedFromMemory is not a mono symbol file
Symbol file data-00000157ED934C80 doesn't match image W:\Uni\GameJam_02_2022\Unity Projekt\Daily-Struggle\The Love of the Baron\Library\ScriptAssemblies\Unity.InternalAPIEngineBridge.001.dll
Symbol file LoadedFromMemory is not a mono symbol file
Symbol file data-00000157EE15A240 doesn't match image W:\Uni\GameJam_02_2022\Unity Projekt\Daily-Struggle\The Love of the Baron\Library\ScriptAssemblies\Unity.VSCode.Editor.dll
Symbol file LoadedFromMemory is not a mono symbol file
Symbol file data-00000157F30E92A0 doesn't match image W:\Uni\GameJam_02_2022\Unity Projekt\Daily-Struggle\The Love of the Baron\Library\ScriptAssemblies\Unity.2D.PixelPerfect.dll
Symbol file LoadedFromMemory is not a mono symbol file
Symbol file data-00000157F2107020 doesn't match image W:\Uni\GameJam_02_2022\Unity Projekt\Daily-Struggle\The Love of the Baron\Library\ScriptAssemblies\Unity.2D.Tilemap.Editor.dll
Symbol file LoadedFromMemory is not a mono symbol file
Symbol file data-00000157F2DA28C0 doesn't match image W:\Uni\GameJam_02_2022\Unity Projekt\Daily-Struggle\The Love of the Baron\Library\ScriptAssemblies\PsdPlugin.dll
Symbol file LoadedFromMemory is not a mono symbol file
Symbol file data-00000157F2291220 doesn't match image W:\Uni\GameJam_02_2022\Unity Projekt\Daily-Struggle\The Love of the Baron\Library\ScriptAssemblies\Unity.TextMeshPro.Editor.dll
Symbol file LoadedFromMemory is not a mono symbol file
Symbol file data-00000157F2DA28C0 doesn't match image W:\Uni\GameJam_02_2022\Unity Projekt\Daily-Struggle\The Love of the Baron\Library\ScriptAssemblies\Unity.VisualStudio.Editor.dll
Symbol file LoadedFromMemory is not a mono symbol file
Symbol file data-00000157F19970A0 doesn't match image W:\Uni\GameJam_02_2022\Unity Projekt\Daily-Struggle\The Love of the Baron\Library\ScriptAssemblies\UnityEngine.TestRunner.dll
Symbol file LoadedFromMemory is not a mono symbol file
Symbol file data-00000157F19970A0 doesn't match image W:\Uni\GameJam_02_2022\Unity Projekt\Daily-Struggle\The Love of the Baron\Library\ScriptAssemblies\Unity.Timeline.dll
Symbol file LoadedFromMemory is not a mono symbol file
Symbol file data-00000157F1FAB420 doesn't match image W:\Uni\GameJam_02_2022\Unity Projekt\Daily-Struggle\The Love of the Baron\Library\ScriptAssemblies\Unity.TextMeshPro.dll
Symbol file LoadedFromMemory is not a mono symbol file
Symbol file data-00000157F2291220 doesn't match image W:\Uni\GameJam_02_2022\Unity Projekt\Daily-Struggle\The Love of the Baron\Library\ScriptAssemblies\UnityEditor.TestRunner.dll
Symbol file LoadedFromMemory is not a mono symbol file
Symbol file data-00000157EE15A240 doesn't match image W:\Uni\GameJam_02_2022\Unity Projekt\Daily-Struggle\The Love of the Baron\Library\ScriptAssemblies\Unity.2D.IK.Editor.dll
Symbol file LoadedFromMemory is not a mono symbol file
Symbol file data-00000157F2291220 doesn't match image W:\Uni\GameJam_02_2022\Unity Projekt\Daily-Struggle\The Love of the Baron\Library\ScriptAssemblies\Unity.2D.Sprite.Editor.dll
Symbol file LoadedFromMemory is not a mono symbol file
Symbol file data-00000157F19970A0 doesn't match image W:\Uni\GameJam_02_2022\Unity Projekt\Daily-Struggle\The Love of the Baron\Library\ScriptAssemblies\Unity.2D.Psdimporter.Editor.dll
Symbol file LoadedFromMemory is not a mono symbol file
Symbol file data-00000157F2299230 doesn't match image W:\Uni\GameJam_02_2022\Unity Projekt\Daily-Struggle\The Love of the Baron\Library\ScriptAssemblies\Unity.2D.Path.Editor.dll
Symbol file LoadedFromMemory is not a mono symbol file
Symbol file data-00000157EE3874E0 doesn't match image W:\Uni\GameJam_02_2022\Unity Projekt\Daily-Struggle\The Love of the Baron\Library\ScriptAssemblies\FMODUnityResonanceEditor.dll
Symbol file LoadedFromMemory is not a mono symbol file
Symbol file data-00000157F2299230 doesn't match image W:\Uni\GameJam_02_2022\Unity Projekt\Daily-Struggle\The Love of the Baron\Library\ScriptAssemblies\UnityEditor.UI.dll
Symbol file LoadedFromMemory is not a mono symbol file
Symbol file data-00000157F2CA0080 doesn't match image W:\Uni\GameJam_02_2022\Unity Projekt\Daily-Struggle\The Love of the Baron\Library\ScriptAssemblies\Unity.PlasticSCM.Editor.dll
Symbol file LoadedFromMemory is not a mono symbol file
Symbol file data-00000157F2D57830 doesn't match image W:\Uni\GameJam_02_2022\Unity Projekt\Daily-Struggle\The Love of the Baron\Library\ScriptAssemblies\Unity.Rider.Editor.dll
Symbol file LoadedFromMemory is not a mono symbol file
Symbol file data-00000157F3809240 doesn't match image W:\Uni\GameJam_02_2022\Unity Projekt\Daily-Struggle\The Love of the Baron\Library\ScriptAssemblies\Unity.InternalAPIEditorBridge.001.dll
Symbol file LoadedFromMemory is not a mono symbol file
Symbol file data-00000157F1FE8010 doesn't match image W:\Uni\GameJam_02_2022\Unity Projekt\Daily-Struggle\The Love of the Baron\Library\ScriptAssemblies\UnityEngine.UI.dll
Symbol file LoadedFromMemory is not a mono symbol file
Symbol file data-00000157F1FE8010 doesn't match image W:\Uni\GameJam_02_2022\Unity Projekt\Daily-Struggle\The Love of the Baron\Library\ScriptAssemblies\Unity.Mathematics.dll
Symbol file LoadedFromMemory is not a mono symbol file
Symbol file data-00000157F2149C50 doesn't match image W:\Uni\GameJam_02_2022\Unity Projekt\Daily-Struggle\The Love of the Baron\Library\ScriptAssemblies\Unity.2D.IK.Runtime.dll
Symbol file LoadedFromMemory is not a mono symbol file
Symbol file data-00000157F2D57830 doesn't match image W:\Uni\GameJam_02_2022\Unity Projekt\Daily-Struggle\The Love of the Baron\Library\ScriptAssemblies\Unity.Services.Core.Editor.dll
Symbol file LoadedFromMemory is not a mono symbol file
Symbol file data-00000157EE41AA40 doesn't match image W:\Uni\GameJam_02_2022\Unity Projekt\Daily-Struggle\The Love of the Baron\Library\ScriptAssemblies\Unity.2D.Animation.Triangle.Runtime.dll
Symbol file LoadedFromMemory is not a mono symbol file
Symbol file data-00000157F2517640 doesn't match image W:\Uni\GameJam_02_2022\Unity Projekt\Daily-Struggle\The Love of the Baron\Library\ScriptAssemblies\Unity.2D.Animation.Runtime.dll
Symbol file LoadedFromMemory is not a mono symbol file
Symbol file data-00000157EDDDB620 doesn't match image W:\Uni\GameJam_02_2022\Unity Projekt\Daily-Struggle\The Love of the Baron\Library\ScriptAssemblies\Unity.2D.PixelPerfect.Editor.dll
Symbol file LoadedFromMemory is not a mono symbol file
Symbol file data-00000157F1A68A30 doesn't match image W:\Uni\GameJam_02_2022\Unity Projekt\Daily-Struggle\The Love of the Baron\Library\ScriptAssemblies\FMODUnity.dll
Symbol file LoadedFromMemory is not a mono symbol file
Symbol file data-00000157F2FBC010 doesn't match image W:\Uni\GameJam_02_2022\Unity Projekt\Daily-Struggle\The Love of the Baron\Library\ScriptAssemblies\Unity.Timeline.Editor.dll
Symbol file LoadedFromMemory is not a mono symbol file
Symbol file data-00000157F19970A0 doesn't match image W:\Uni\GameJam_02_2022\Unity Projekt\Daily-Struggle\The Love of the Baron\Library\ScriptAssemblies\Unity.CollabProxy.Editor.dll
Symbol file LoadedFromMemory is not a mono symbol file
Symbol file data-00000157EDE17BA0 doesn't match image W:\Uni\GameJam_02_2022\Unity Projekt\Daily-Struggle\The Love of the Baron\Library\ScriptAssemblies\Unity.Mathematics.Editor.dll
Symbol file LoadedFromMemory is not a mono symbol file
Symbol file data-00000157EE055F70 doesn't match image W:\Uni\GameJam_02_2022\Unity Projekt\Daily-Struggle\The Love of the Baron\Library\ScriptAssemblies\Unity.2D.Common.Runtime.dll
Symbol file LoadedFromMemory is not a mono symbol file
Symbol file data-00000157F19970A0 doesn't match image W:\Uni\GameJam_02_2022\Unity Projekt\Daily-Struggle\The Love of the Baron\Library\ScriptAssemblies\Unity.2D.SpriteShape.Editor.dll
Symbol file LoadedFromMemory is not a mono symbol file
Symbol file data-00000157EDDDB620 doesn't match image W:\Uni\GameJam_02_2022\Unity Projekt\Daily-Struggle\The Love of the Baron\Library\ScriptAssemblies\FMODUnityResonance.dll
Symbol file LoadedFromMemory is not a mono symbol file
Symbol file data-00000157F2149C50 doesn't match image W:\Uni\GameJam_02_2022\Unity Projekt\Daily-Struggle\The Love of the Baron\Library\ScriptAssemblies\Unity.2D.Common.Editor.dll
Symbol file LoadedFromMemory is not a mono symbol file
Symbol file data-00000157F2FE4620 doesn't match image W:\Uni\GameJam_02_2022\Unity Projekt\Daily-Struggle\The Love of the Baron\Library\ScriptAssemblies\Unity.2D.SpriteShape.Runtime.dll
Symbol file LoadedFromMemory is not a mono symbol file
Native extension for WindowsStandalone target not found
Refreshing native plugins compatible for Editor in 47.40 ms, found 5 plugins.
Preloading 0 native plugins for Editor in 0.00 ms.
Mono: successfully reloaded assembly
- Completed reload, in  0.950 seconds
Domain Reload Profiling:
	ReloadAssembly (951ms)
		BeginReloadAssembly (138ms)
			ExecutionOrderSort (0ms)
			DisableScriptedObjects (4ms)
			BackupInstance (0ms)
			ReleaseScriptingObjects (0ms)
			CreateAndSetChildDomain (20ms)
		EndReloadAssembly (765ms)
			LoadAssemblies (98ms)
			RebuildTransferFunctionScriptingTraits (0ms)
			SetupTypeCache (250ms)
			ReleaseScriptCaches (1ms)
			RebuildScriptCaches (44ms)
			SetupLoadedEditorAssemblies (288ms)
				LogAssemblyErrors (0ms)
				InitializePlatformSupportModulesInManaged (3ms)
				SetLoadedEditorAssemblies (0ms)
				RefreshPlugins (47ms)
				BeforeProcessingInitializeOnLoad (63ms)
				ProcessInitializeOnLoadAttributes (157ms)
				ProcessInitializeOnLoadMethodAttributes (15ms)
				AfterProcessingInitializeOnLoad (2ms)
				EditorAssembliesLoaded (0ms)
			ExecutionOrderSort2 (0ms)
			AwakeInstancesAfterBackupRestoration (5ms)
Platform modules already initialized, skipping
========================================================================
Worker process is ready to serve import requests
Launched and connected shader compiler UnityShaderCompiler.exe after 0.05 seconds
Refreshing native plugins compatible for Editor in 0.97 ms, found 5 plugins.
Preloading 0 native plugins for Editor in 0.00 ms.
Unloading 2381 Unused Serialized files (Serialized files now loaded: 0)
System memory in use before: 104.5 MB.
System memory in use after: 104.5 MB.

Unloading 86 unused Assets to reduce memory usage. Loaded Objects now: 2759.
Total: 3.513300 ms (FindLiveObjects: 0.244500 ms CreateObjectMapping: 0.064100 ms MarkObjects: 3.014600 ms  DeleteObjects: 0.189100 ms)

AssetImportParameters requested are different than current active one (requested -> active):
  custom:framework-win-MediaFoundation: 216162199b28c13a410421893ffa2e32 -> 
  custom:video-decoder-ogg-theora: a1e56fd34408186e4bbccfd4996cb3dc -> 
  custom:container-muxer-webm: aa71ff27fc2769a1b78a27578f13a17b -> 
  custom:container-demuxer-webm: 4f35f7cbe854078d1ac9338744f61a02 -> 
  custom:container-demuxer-ogg: 62fdf1f143b41e24485cea50d1cbac27 -> 
  custom:video-encoder-webm-vp8: eb34c28f22e8b96e1ab97ce403110664 -> 
  custom:video-decoder-webm-vp8: 9c59270c3fd7afecdb556c50c9e8de78 -> 
  custom:audio-decoder-ogg-vorbis: bf7c407c2cedff20999df2af8eb42d56 -> 
  custom:audio-encoder-webm-vorbis: bf7c407c2cedff20999df2af8eb42d56 -> 
========================================================================
Received Import Request.
  path: Assets/Scenes/Day.unity
  artifactKey: Guid(2cda990e2423bbf4892e6590ba056729) Importer(815301076,1909f56bfc062723c751e8b465ee728b)
Start importing Assets/Scenes/Day.unity using Guid(2cda990e2423bbf4892e6590ba056729) Importer(815301076,1909f56bfc062723c751e8b465ee728b)  -> (artifact id: '4be44a76f0d803031f3e6550d858aecf') in 0.032610 seconds 
AssetImportWorkerClient::OnTransportError - code=2 error=End of file
